%このファイルは日本語文字を含みます.
\BOOKMARK [1][]{section.1}{1 緒言}{}% 1
\BOOKMARK [2][]{subsection.1.1}{1.1 研究背景}{section.1}% 2
\BOOKMARK [2][]{subsection.1.2}{1.2 研究目的}{section.1}% 3
\BOOKMARK [1][]{section.2}{2 実験方法}{}% 4
\BOOKMARK [2][]{subsection.2.1}{2.1 溶液作製}{section.2}% 5
\BOOKMARK [2][]{subsection.2.2}{2.2 粘度計測}{section.2}% 6
\BOOKMARK [2][]{subsection.2.3}{2.3 弾性率計測}{section.2}% 7
\BOOKMARK [2][]{subsection.2.4}{2.4 圧力場計測}{section.2}% 8
\BOOKMARK [2][]{subsection.2.5}{2.5 球落下実験}{section.2}% 9
\BOOKMARK [2][]{subsection.2.6}{2.6 実験手順}{section.2}% 10
\BOOKMARK [2][]{subsection.2.7}{2.7 解析方法}{section.2}% 11
\BOOKMARK [1][]{section.3}{3 溶液物性および圧力場の確認}{}% 12
\BOOKMARK [2][]{subsection.3.1}{3.1 粘度 計測結果}{section.3}% 13
\BOOKMARK [2][]{subsection.3.2}{3.2 弾性率 計測結果}{section.3}% 14
\BOOKMARK [2][]{subsection.3.3}{3.3 圧力振幅 計測結果}{section.3}% 15
\BOOKMARK [1][]{section.4}{4 理論}{}% 16
\BOOKMARK [2][]{subsection.4.1}{4.1 擬塑性流体中における球の落下}{section.4}% 17
\BOOKMARK [2][]{subsection.4.2}{4.2 擬塑性流体中における球の落下による応力}{section.4}% 18
\BOOKMARK [2][]{subsection.4.3}{4.3 超音波照射に伴う球の高速化}{section.4}% 19
\BOOKMARK [1][]{section.5}{5 球密度による影響}{}% 20
\BOOKMARK [1][]{section.6}{6 溶液濃度の影響}{}% 21
\BOOKMARK [1][]{section.7}{7 球径による影響}{}% 22
\BOOKMARK [1][]{section.8}{8 粘度による整理}{}% 23
\BOOKMARK [1][]{section.9}{9 弾性による影響}{}% 24
\BOOKMARK [1][]{section.10}{10 結言}{}% 25
\BOOKMARK [1][]{付 録.a.A}{A 球落下実験 実験結果}{}% 26
\BOOKMARK [2][]{subsection.a.A.1}{A.1 密度・濃度による影響に関して}{付 録.a.A}% 27
\BOOKMARK [2][]{subsection.a.A.2}{A.2 球径による影響に関して}{付 録.a.A}% 28
\BOOKMARK [1][]{付 録.a.B}{B 実験装置の改良による影響に関して}{}% 29
\BOOKMARK [2][]{subsection.a.B.1}{B.1 実験装置}{付 録.a.B}% 30
\BOOKMARK [2][]{subsection.a.B.2}{B.2 落下実験結果}{付 録.a.B}% 31
\BOOKMARK [2][]{subsection.a.B.3}{B.3 落下開始時のオーバーシュートへの影響}{付 録.a.B}% 32
\BOOKMARK [2][]{subsection.a.B.4}{B.4 実験装置改良に伴う初速へ影響}{付 録.a.B}% 33
\BOOKMARK [1][]{付 録.a.C}{C 落下間隔変化における擬塑性流体の経時変化}{}% 34
\BOOKMARK [1][]{付 録.a.D}{D 溶液作製精度に関して}{}% 35
\BOOKMARK [2][]{subsection.a.D.1}{D.1 溶液の粘性特性に関して}{付 録.a.D}% 36
\BOOKMARK [2][]{subsection.a.D.2}{D.2 溶液の作製精度による高速化への影響に関して}{付 録.a.D}% 37
\BOOKMARK [2][]{subsection.a.D.3}{D.3 溶液の作製精度と終端速度の関係}{付 録.a.D}% 38
\BOOKMARK [1][]{付 録.a.E}{E 落下間隔変化における高速化への寄与}{}% 39
\BOOKMARK [2][]{subsection.a.E.1}{E.1 落下実験結果}{付 録.a.E}% 40
\BOOKMARK [2][]{subsection.a.E.2}{E.2 超音波照射による高速化}{付 録.a.E}% 41
